2023-02-24 17:53:07,337 INFO o.h.v.i.u.Version [background-preinit] HV000001: Hibernate Validator 6.2.5.Final
2023-02-24 17:53:07,365 INFO o.s.b.StartupInfoLogger [restartedMain] Starting TortLandApplication using Java 18.0.2 on DESKTOP-E1SLKID with PID 15816 (C:\Add\TortLand\target\classes started by MRCL in C:\Add\TortLand)
2023-02-24 17:53:07,367 INFO o.s.b.SpringApplication [restartedMain] No active profile set, falling back to 1 default profile: "default"
2023-02-24 17:53:07,510 INFO o.s.b.l.DeferredLog [restartedMain] Devtools property defaults active! Set 'spring.devtools.add-properties' to 'false' to disable
2023-02-24 17:53:07,510 INFO o.s.b.l.DeferredLog [restartedMain] For additional web related logging consider setting the 'logging.level.web' property to 'DEBUG'
2023-02-24 17:53:08,221 INFO o.s.d.r.c.RepositoryConfigurationDelegate [restartedMain] Multiple Spring Data modules found, entering strict repository configuration mode
2023-02-24 17:53:08,221 INFO o.s.d.r.c.RepositoryConfigurationDelegate [restartedMain] Bootstrapping Spring Data JDBC repositories in DEFAULT mode.
2023-02-24 17:53:08,243 INFO o.s.d.r.c.RepositoryConfigurationExtensionSupport [restartedMain] Spring Data JDBC - Could not safely identify store assignment for repository candidate interface com.example.tortland.repository.CakeRepository; If you want this repository to be a JDBC repository, consider annotating your entities with one of these annotations: org.springframework.data.relational.core.mapping.Table.
2023-02-24 17:53:08,244 INFO o.s.d.r.c.RepositoryConfigurationExtensionSupport [restartedMain] Spring Data JDBC - Could not safely identify store assignment for repository candidate interface com.example.tortland.repository.CustomOrderRepository; If you want this repository to be a JDBC repository, consider annotating your entities with one of these annotations: org.springframework.data.relational.core.mapping.Table.
2023-02-24 17:53:08,245 INFO o.s.d.r.c.RepositoryConfigurationExtensionSupport [restartedMain] Spring Data JDBC - Could not safely identify store assignment for repository candidate interface com.example.tortland.repository.FillingRepository; If you want this repository to be a JDBC repository, consider annotating your entities with one of these annotations: org.springframework.data.relational.core.mapping.Table.
2023-02-24 17:53:08,246 INFO o.s.d.r.c.RepositoryConfigurationExtensionSupport [restartedMain] Spring Data JDBC - Could not safely identify store assignment for repository candidate interface com.example.tortland.repository.ImageRepository; If you want this repository to be a JDBC repository, consider annotating your entities with one of these annotations: org.springframework.data.relational.core.mapping.Table.
2023-02-24 17:53:08,246 INFO o.s.d.r.c.RepositoryConfigurationExtensionSupport [restartedMain] Spring Data JDBC - Could not safely identify store assignment for repository candidate interface com.example.tortland.repository.OrderRepository; If you want this repository to be a JDBC repository, consider annotating your entities with one of these annotations: org.springframework.data.relational.core.mapping.Table.
2023-02-24 17:53:08,247 INFO o.s.d.r.c.RepositoryConfigurationExtensionSupport [restartedMain] Spring Data JDBC - Could not safely identify store assignment for repository candidate interface com.example.tortland.repository.RoleRepository; If you want this repository to be a JDBC repository, consider annotating your entities with one of these annotations: org.springframework.data.relational.core.mapping.Table.
2023-02-24 17:53:08,248 INFO o.s.d.r.c.RepositoryConfigurationExtensionSupport [restartedMain] Spring Data JDBC - Could not safely identify store assignment for repository candidate interface com.example.tortland.repository.UserRepository; If you want this repository to be a JDBC repository, consider annotating your entities with one of these annotations: org.springframework.data.relational.core.mapping.Table.
2023-02-24 17:53:08,248 INFO o.s.d.r.c.RepositoryConfigurationDelegate [restartedMain] Finished Spring Data repository scanning in 24 ms. Found 0 JDBC repository interfaces.
2023-02-24 17:53:08,252 INFO o.s.d.r.c.RepositoryConfigurationDelegate [restartedMain] Multiple Spring Data modules found, entering strict repository configuration mode
2023-02-24 17:53:08,253 INFO o.s.d.r.c.RepositoryConfigurationDelegate [restartedMain] Bootstrapping Spring Data JPA repositories in DEFAULT mode.
2023-02-24 17:53:08,280 INFO o.s.d.r.c.RepositoryConfigurationDelegate [restartedMain] Finished Spring Data repository scanning in 24 ms. Found 7 JPA repository interfaces.
2023-02-24 17:53:08,678 INFO o.s.b.w.e.t.TomcatWebServer [restartedMain] Tomcat initialized with port(s): 9090 (http)
2023-02-24 17:53:08,684 INFO o.a.j.l.DirectJDKLog [restartedMain] Initializing ProtocolHandler ["http-nio-9090"]
2023-02-24 17:53:08,684 INFO o.a.j.l.DirectJDKLog [restartedMain] Starting service [Tomcat]
2023-02-24 17:53:08,684 INFO o.a.j.l.DirectJDKLog [restartedMain] Starting Servlet engine: [Apache Tomcat/9.0.70]
2023-02-24 17:53:08,736 INFO o.a.j.l.DirectJDKLog [restartedMain] Initializing Spring embedded WebApplicationContext
2023-02-24 17:53:08,737 INFO o.s.b.w.s.c.ServletWebServerApplicationContext [restartedMain] Root WebApplicationContext: initialization completed in 1226 ms
2023-02-24 17:53:08,826 INFO o.h.j.i.u.LogHelper [restartedMain] HHH000204: Processing PersistenceUnitInfo [name: default]
2023-02-24 17:53:08,861 INFO o.h.Version [restartedMain] HHH000412: Hibernate ORM core version 5.6.14.Final
2023-02-24 17:53:08,942 INFO o.h.a.c.r.j.JavaReflectionManager [restartedMain] HCANN000001: Hibernate Commons Annotations {5.1.2.Final}
2023-02-24 17:53:09,000 INFO c.z.h.HikariDataSource [restartedMain] HikariPool-1 - Starting...
2023-02-24 17:53:09,110 INFO c.z.h.HikariDataSource [restartedMain] HikariPool-1 - Start completed.
2023-02-24 17:53:09,122 INFO o.h.d.Dialect [restartedMain] HHH000400: Using dialect: org.hibernate.dialect.PostgreSQL10Dialect
2023-02-24 17:53:09,211 WARN o.h.b.i.InFlightMetadataCollectorImpl [restartedMain] HHH000069: Duplicate generator name default_generator
2023-02-24 17:53:09,215 WARN o.h.b.i.InFlightMetadataCollectorImpl [restartedMain] HHH000069: Duplicate generator name default_generator
2023-02-24 17:53:09,216 WARN o.h.b.i.InFlightMetadataCollectorImpl [restartedMain] HHH000069: Duplicate generator name default_generator
2023-02-24 17:53:09,220 WARN o.h.b.i.InFlightMetadataCollectorImpl [restartedMain] HHH000069: Duplicate generator name default_generator
2023-02-24 17:53:09,223 WARN o.h.b.i.InFlightMetadataCollectorImpl [restartedMain] HHH000069: Duplicate generator name default_generator
2023-02-24 17:53:09,710 INFO o.h.e.t.j.p.i.JtaPlatformInitiator [restartedMain] HHH000490: Using JtaPlatform implementation: [org.hibernate.engine.transaction.jta.platform.internal.NoJtaPlatform]
2023-02-24 17:53:09,715 INFO o.s.o.j.AbstractEntityManagerFactoryBean [restartedMain] Initialized JPA EntityManagerFactory for persistence unit 'default'
2023-02-24 17:53:10,281 INFO o.s.s.w.DefaultSecurityFilterChain [restartedMain] Will secure any request with [org.springframework.security.web.session.DisableEncodeUrlFilter@131c4f33, org.springframework.security.web.context.request.async.WebAsyncManagerIntegrationFilter@15072e71, org.springframework.security.web.context.SecurityContextPersistenceFilter@1e16fe67, org.springframework.security.web.header.HeaderWriterFilter@2f57e0a7, org.springframework.security.web.authentication.logout.LogoutFilter@42623055, org.springframework.security.web.authentication.UsernamePasswordAuthenticationFilter@76591f20, org.springframework.security.web.savedrequest.RequestCacheAwareFilter@41eee76f, org.springframework.security.web.servletapi.SecurityContextHolderAwareRequestFilter@71e531d7, org.springframework.security.web.authentication.AnonymousAuthenticationFilter@2b9983ee, org.springframework.security.web.session.SessionManagementFilter@102f64b2, org.springframework.security.web.access.ExceptionTranslationFilter@2704a8c8, org.springframework.security.web.access.intercept.FilterSecurityInterceptor@69543093]
2023-02-24 17:53:10,368 WARN o.s.b.a.o.j.JpaBaseConfiguration$JpaWebConfiguration [restartedMain] spring.jpa.open-in-view is enabled by default. Therefore, database queries may be performed during view rendering. Explicitly configure spring.jpa.open-in-view to disable this warning
2023-02-24 17:53:10,450 INFO o.s.b.a.w.s.WelcomePageHandlerMapping [restartedMain] Adding welcome page template: index
2023-02-24 17:53:10,823 INFO o.s.b.d.a.OptionalLiveReloadServer [restartedMain] LiveReload server is running on port 35729
2023-02-24 17:53:10,834 INFO o.a.j.l.DirectJDKLog [restartedMain] Starting ProtocolHandler ["http-nio-9090"]
2023-02-24 17:53:10,849 INFO o.s.b.w.e.t.TomcatWebServer [restartedMain] Tomcat started on port(s): 9090 (http) with context path ''
2023-02-24 17:53:10,856 INFO o.s.b.StartupInfoLogger [restartedMain] Started TortLandApplication in 3.688 seconds (JVM running for 4.455)
2023-02-24 17:53:16,400 INFO o.a.j.l.DirectJDKLog [http-nio-9090-exec-1] Initializing Spring DispatcherServlet 'dispatcherServlet'
2023-02-24 17:53:16,400 INFO o.s.w.s.FrameworkServlet [http-nio-9090-exec-1] Initializing Servlet 'dispatcherServlet'
2023-02-24 17:53:16,401 INFO o.s.w.s.FrameworkServlet [http-nio-9090-exec-1] Completed initialization in 1 ms
2023-02-24 17:53:16,459 INFO c.e.t.a.LoggerAspect [http-nio-9090-exec-2] Enter: class com.example.tortland.controller.LoginController.login() with arguments = [org.springframework.web.servlet.resource.ResourceUrlEncodingFilter$ResourceUrlEncodingRequestWrapper@2e4ee6d, {}]
2023-02-24 17:53:16,462 INFO c.e.t.a.LoggerAspect [http-nio-9090-exec-2] Exit: class com.example.tortland.controller.LoginController.login() with result = login
2023-02-24 17:53:17,135 INFO c.e.t.a.LoggerAspect [http-nio-9090-exec-3] Enter: class com.example.tortland.controller.LoginController.login() with arguments = [org.springframework.web.servlet.resource.ResourceUrlEncodingFilter$ResourceUrlEncodingRequestWrapper@3a492679, {}]
2023-02-24 17:53:17,136 INFO c.e.t.a.LoggerAspect [http-nio-9090-exec-3] Exit: class com.example.tortland.controller.LoginController.login() with result = login
2023-02-24 17:53:17,152 INFO c.e.t.a.LoggerAspect [http-nio-9090-exec-10] Enter: class com.example.tortland.controller.LoginController.login() with arguments = [org.springframework.web.servlet.resource.ResourceUrlEncodingFilter$ResourceUrlEncodingRequestWrapper@630ba753, {}]
2023-02-24 17:53:17,152 INFO c.e.t.a.LoggerAspect [http-nio-9090-exec-10] Exit: class com.example.tortland.controller.LoginController.login() with result = login
2023-02-24 18:06:05,851 INFO c.e.t.a.LoggerAspect [http-nio-9090-exec-7] Enter: class com.example.tortland.controller.MainController.index() with arguments = []
2023-02-24 18:06:05,852 INFO c.e.t.a.LoggerAspect [http-nio-9090-exec-7] Exit: class com.example.tortland.controller.MainController.index() with result = index
2023-02-24 18:06:06,480 INFO c.e.t.a.LoggerAspect [http-nio-9090-exec-10] Enter: class com.example.tortland.controller.UserController.profile() with arguments = [{}, 5, UsernamePasswordAuthenticationToken [Principal={"user_id":"5","username":"MRCL","user_role":"[ROLE_USER]","user_password":"$2a$10$NsguFidTVlJvDGwN/pmGdOkv8UBXmHgNP/0Mf.upxlpTT2EM8mBlm"}, Credentials=[PROTECTED], Authenticated=true, Details=WebAuthenticationDetails [RemoteIpAddress=0:0:0:0:0:0:0:1, SessionId=98A09489F066CF279DC71398B4231D48], Granted Authorities=[ROLE_USER]]]
2023-02-24 18:06:06,521 INFO c.e.t.a.LoggerAspect [http-nio-9090-exec-10] Exit: class com.example.tortland.controller.UserController.profile() with result = users/profile
2023-02-24 18:06:07,942 INFO c.e.t.a.LoggerAspect [http-nio-9090-exec-4] Enter: class com.example.tortland.controller.UserController.updateImage() with arguments = []
2023-02-24 18:06:07,942 INFO c.e.t.a.LoggerAspect [http-nio-9090-exec-4] Exit: class com.example.tortland.controller.UserController.updateImage() with result = users/updateImageUser
2023-02-24 18:06:13,025 INFO c.e.t.a.LoggerAspect [http-nio-9090-exec-9] Enter: class com.example.tortland.controller.CakeController.getAll() with arguments = [1, 9, {}, UsernamePasswordAuthenticationToken [Principal={"user_id":"5","username":"MRCL","user_role":"[ROLE_USER]","user_password":"$2a$10$NsguFidTVlJvDGwN/pmGdOkv8UBXmHgNP/0Mf.upxlpTT2EM8mBlm"}, Credentials=[PROTECTED], Authenticated=true, Details=WebAuthenticationDetails [RemoteIpAddress=0:0:0:0:0:0:0:1, SessionId=98A09489F066CF279DC71398B4231D48], Granted Authorities=[ROLE_USER]]]
2023-02-24 18:06:13,654 INFO c.e.t.a.LoggerAspect [http-nio-9090-exec-9] Exit: class com.example.tortland.controller.CakeController.getAll() with result = cakes/viewAllCakes
2023-02-24 18:06:14,751 INFO c.e.t.a.LoggerAspect [http-nio-9090-exec-7] Enter: class com.example.tortland.controller.LoginController.login() with arguments = [org.springframework.web.servlet.resource.ResourceUrlEncodingFilter$ResourceUrlEncodingRequestWrapper@623ccd47, {}]
2023-02-24 18:06:14,751 INFO c.e.t.a.LoggerAspect [http-nio-9090-exec-7] Exit: class com.example.tortland.controller.LoginController.login() with result = login
